2023-08-31 18:32:32,407 - INFO - Sorting has started
2023-08-31 18:32:32,458 - DEBUG - File атестат_1.docx moved to F:\saqwq\DOCX_Files
2023-08-31 18:32:32,458 - DEBUG - File Документ Microsoft Word (2)_1.docx moved to F:\saqwq\DOCX_Files
2023-08-31 18:32:32,458 - DEBUG - File Документ Microsoft Word_1.docx moved to F:\saqwq\DOCX_Files
2023-08-31 18:32:32,458 - DEBUG - File заява впо_1.docx moved to F:\saqwq\DOCX_Files
2023-08-31 18:32:32,468 - DEBUG - File НОВИЙ_ТРБЕ_блок2_2023_пров_1_1 _1.docx moved to F:\saqwq\DOCX_Files
2023-08-31 18:32:32,469 - DEBUG - File Казка про рибок_1.docx moved to F:\saqwq\DOCX_Files
2023-08-31 18:32:32,478 - DEBUG - File Ознайомлення з пркиладами робіт _1.docx moved to F:\saqwq\DOCX_Files
2023-08-31 18:32:32,481 - DEBUG - File таблиця_1.docx moved to F:\saqwq\DOCX_Files
2023-08-31 18:32:32,484 - DEBUG - File Резюме_1.docx moved to F:\saqwq\DOCX_Files
2023-08-31 18:32:32,484 - DEBUG - File Презентація_1.docx moved to F:\saqwq\DOCX_Files
2023-08-31 18:32:32,485 - DEBUG - File Резюме Могир Іван Васильович_1.docx moved to F:\saqwq\DOCX_Files
2023-08-31 18:32:32,496 - DEBUG - File ТРБЕ_частина_з_рівними_таблицями__1.docx moved to F:\saqwq\DOCX_Files
2023-08-31 18:32:32,497 - DEBUG - File Письмо №56 РЕФЕРЕНС ЛИСТ (2)_1.doc moved to F:\saqwq\DOC_Files
2023-08-31 18:32:32,497 - DEBUG - File MediaCreationTool22H2 (1)_1.exe moved to F:\saqwq\EXE_Files
2023-08-31 18:32:32,497 - DEBUG - File Анкета МІВ _1.doc moved to F:\saqwq\DOC_Files
2023-08-31 18:32:32,497 - DEBUG - File Старий форматтаблиця_1.doc moved to F:\saqwq\DOC_Files
2023-08-31 18:32:32,501 - DEBUG - File MediaCreationTool22H2_1.exe moved to F:\saqwq\EXE_Files
2023-08-31 18:32:32,501 - DEBUG - File rufus-4.2_1_1.exe moved to F:\saqwq\EXE_Files
2023-08-31 18:32:32,509 - DEBUG - File PDE.gif moved to F:\saqwq\GIF_Files
2023-08-31 18:32:32,510 - DEBUG - File QcV.gif moved to F:\saqwq\GIF_Files
2023-08-31 18:32:32,511 - DEBUG - File fxtr_1.gif moved to F:\saqwq\GIF_Files
2023-08-31 18:32:32,512 - DEBUG - File HtFd.gif moved to F:\saqwq\GIF_Files
2023-08-31 18:32:32,513 - DEBUG - File gus-anim_1.gif moved to F:\saqwq\GIF_Files
2023-08-31 18:32:32,513 - DEBUG - File Mo7f.gif moved to F:\saqwq\GIF_Files
2023-08-31 18:32:32,513 - DEBUG - File Universal-USB-Installer-2.0.1.6_1_1.exe moved to F:\saqwq\EXE_Files
2023-08-31 18:32:32,517 - DEBUG - File Lce.gif moved to F:\saqwq\GIF_Files
2023-08-31 18:32:32,517 - DEBUG - File UnIY_1.gif moved to F:\saqwq\GIF_Files
2023-08-31 18:32:32,518 - DEBUG - File ubuntustudio-22.04.3-dvd-amd64_1_1.iso moved to F:\saqwq\ISO_Files
2023-08-31 18:32:32,518 - DEBUG - File IMG_20220830_230906_1.jpg moved to F:\saqwq\JPG_Files
2023-08-31 18:32:32,526 - DEBUG - File rrr (3)_1_1.jpg moved to F:\saqwq\JPG_Files
2023-08-31 18:32:32,527 - DEBUG - File rrr (1)_1.jpg moved to F:\saqwq\JPG_Files
2023-08-31 18:32:32,527 - DEBUG - File rrr (11)_1_1.jpg moved to F:\saqwq\JPG_Files
2023-08-31 18:32:32,528 - DEBUG - File photo_2023-02-20_16-11-06_1.jpg moved to F:\saqwq\JPG_Files
2023-08-31 18:32:32,529 - DEBUG - File istockphoto-1143578190-612x612_1.jpg moved to F:\saqwq\JPG_Files
2023-08-31 18:32:32,530 - DEBUG - File rrr (10)_1_1.jpg moved to F:\saqwq\JPG_Files
2023-08-31 18:32:32,530 - DEBUG - File IMG_20220830_230918_1.jpg moved to F:\saqwq\JPG_Files
2023-08-31 18:32:32,531 - DEBUG - File rrr (2)_1.jpg moved to F:\saqwq\JPG_Files
2023-08-31 18:32:32,535 - DEBUG - File rrr (6)_1_1.jpg moved to F:\saqwq\JPG_Files
2023-08-31 18:32:32,535 - DEBUG - File rrr (4)_1_1.jpg moved to F:\saqwq\JPG_Files
2023-08-31 18:32:32,535 - DEBUG - File rrr (5)_1_1.jpg moved to F:\saqwq\JPG_Files
2023-08-31 18:32:32,535 - DEBUG - File rrr (8)_1_1.jpg moved to F:\saqwq\JPG_Files
2023-08-31 18:32:32,536 - DEBUG - File rrr (9)_1_1.jpg moved to F:\saqwq\JPG_Files
2023-08-31 18:32:32,536 - DEBUG - File rrr (7)_1_1.jpg moved to F:\saqwq\JPG_Files
2023-08-31 18:32:32,542 - DEBUG - File Trollface_1_1.jpg moved to F:\saqwq\JPG_Files
2023-08-31 18:32:32,538 - DEBUG - File template_1_1.jpg moved to F:\saqwq\JPG_Files
2023-08-31 18:32:32,536 - DEBUG - File scrum_1_1.jpg moved to F:\saqwq\JPG_Files
2023-08-31 18:32:32,542 - DEBUG - File завантаження_1.jpg moved to F:\saqwq\JPG_Files
2023-08-31 18:32:32,548 - DEBUG - File изображение_viber_2021-08-25_14-26-43-677_1.jpg moved to F:\saqwq\JPG_Files
2023-08-31 18:32:32,549 - DEBUG - File Firefox_1_1.lnk moved to F:\saqwq\LNK_Files
2023-08-31 18:32:32,551 - DEBUG - File Могир І.В Згода_1.jpg moved to F:\saqwq\JPG_Files
2023-08-31 18:32:32,551 - DEBUG - File PyCharm Community Edition 2023.2_1.lnk moved to F:\saqwq\LNK_Files
2023-08-31 18:32:32,552 - DEBUG - File IDLE (Python 3.11 64-bit)_1.lnk moved to F:\saqwq\LNK_Files
2023-08-31 18:32:32,552 - DEBUG - File изображение_viber_2021-08-30_17-49-39-908_1.jpg moved to F:\saqwq\JPG_Files
2023-08-31 18:32:32,552 - DEBUG - File Monosnap_1.lnk moved to F:\saqwq\LNK_Files
2023-08-31 18:32:32,552 - DEBUG - File изображение_viber_2021-08-30_17-49-40-045_1.jpg moved to F:\saqwq\JPG_Files
2023-08-31 18:32:32,555 - DEBUG - File Telegram_1_1.lnk moved to F:\saqwq\LNK_Files
2023-08-31 18:32:32,555 - DEBUG - File Slack_1_1.lnk moved to F:\saqwq\LNK_Files
2023-08-31 18:32:32,557 - DEBUG - File Visual Studio Code_1_1.lnk moved to F:\saqwq\LNK_Files
2023-08-31 18:32:32,557 - DEBUG - File E.K.A feat. Romax - Моя Свобода_1_1.mp3 moved to F:\saqwq\MP3_Files
2023-08-31 18:32:32,559 - DEBUG - File Thonny_1_1.lnk moved to F:\saqwq\LNK_Files
2023-08-31 18:32:32,559 - DEBUG - File Ігор Кайдаш - Моя Юність_1_1.mp3 moved to F:\saqwq\MP3_Files
2023-08-31 18:32:32,559 - DEBUG - File Kozak System - Українське Сонце_1.mp3 moved to F:\saqwq\MP3_Files
2023-08-31 18:32:32,559 - DEBUG - File MI MI MARII - Мрії Мої Острови_1.mp3 moved to F:\saqwq\MP3_Files
2023-08-31 18:32:32,559 - DEBUG - File Без Обмежень - Буду З Тобою_1_1.mp3 moved to F:\saqwq\MP3_Files
2023-08-31 18:32:32,559 - DEBUG - File Без Обмежень - Без Неї Ніяк_1_1.mp3 moved to F:\saqwq\MP3_Files
2023-08-31 18:32:32,559 - DEBUG - File Travinskiy feat. Romaro - Ми З України_1_1.mp3 moved to F:\saqwq\MP3_Files
2023-08-31 18:32:32,559 - DEBUG - File Без Обмежень - Кохана_1_1.mp3 moved to F:\saqwq\MP3_Files
2023-08-31 18:32:32,559 - DEBUG - File Бумбокс - Наодинці_1_1.mp3 moved to F:\saqwq\MP3_Files
2023-08-31 18:32:32,559 - DEBUG - File Культ - Танці_1.mp3 moved to F:\saqwq\MP3_Files
2023-08-31 18:32:32,559 - DEBUG - File Без Обмежень - Не Мовчи_1_1.mp3 moved to F:\saqwq\MP3_Files
2023-08-31 18:32:32,559 - DEBUG - File Бумбокс - Ой У Лузі Червона Калина_1.mp3 moved to F:\saqwq\MP3_Files
2023-08-31 18:32:32,559 - DEBUG - File Карна - Party на Прикарпатті_1.mp3 moved to F:\saqwq\MP3_Files
2023-08-31 18:32:32,574 - DEBUG - File Океан Ельзи - Човен_1.mp3 moved to F:\saqwq\MP3_Files
2023-08-31 18:32:32,574 - DEBUG - File Олександр Положинський & Був'є - Гасли Ми_1.mp3 moved to F:\saqwq\MP3_Files
2023-08-31 18:32:32,574 - DEBUG - File Океан Ельзи - Обійми_1.mp3 moved to F:\saqwq\MP3_Files
2023-08-31 18:32:32,574 - DEBUG - File Мотор'ролла - 8-ий Колір_1.mp3 moved to F:\saqwq\MP3_Files
2023-08-31 18:32:32,574 - DEBUG - File Мотор'ролла - Проліски_1.mp3 moved to F:\saqwq\MP3_Files
2023-08-31 18:32:32,574 - DEBUG - File Олександр Положинський feat. Був'є - Клаптики Холодного Вогню_1.mp3 moved to F:\saqwq\MP3_Files
2023-08-31 18:32:32,574 - DEBUG - File СКАЙ - Забери_1.mp3 moved to F:\saqwq\MP3_Files
2023-08-31 18:32:32,574 - DEBUG - File СКАЙ - Мелодія серця_1.mp3 moved to F:\saqwq\MP3_Files
2023-08-31 18:32:32,574 - DEBUG - File Онейройд - Горище_1.mp3 moved to F:\saqwq\MP3_Files
2023-08-31 18:32:32,574 - DEBUG - File СКАЙ - Забери (1)_1.mp3 moved to F:\saqwq\MP3_Files
2023-08-31 18:32:32,574 - DEBUG - File СКАЙ - Тебе це може вбити_1.mp3 moved to F:\saqwq\MP3_Files
2023-08-31 18:32:32,574 - DEBUG - File G36488414-1819773000736488414-06-04-2023_1_1.pdf moved to F:\saqwq\PDF_Files
2023-08-31 18:32:32,574 - DEBUG - File Скрябін - Мам_1.mp3 moved to F:\saqwq\MP3_Files
2023-08-31 18:32:32,574 - DEBUG - File Скрябін - Люди Як Кораблі_1.mp3 moved to F:\saqwq\MP3_Files
2023-08-31 18:32:32,574 - DEBUG - File G36488414_1819773000387592__06_04_2023_1_1.pdf moved to F:\saqwq\PDF_Files
2023-08-31 18:32:32,589 - DEBUG - File G36488414_1819755499592__03_04_2023_1_1.pdf moved to F:\saqwq\PDF_Files
2023-08-31 18:32:32,592 - DEBUG - File VF1KZ1A0545592597_1_1.pdf moved to F:\saqwq\PDF_Files
2023-08-31 18:32:32,592 - DEBUG - File W0LGM8EL3D1128509_1_1.pdf moved to F:\saqwq\PDF_Files
2023-08-31 18:32:32,592 - DEBUG - File Витяг_про_місце_проживання_від_2023-03-15_07-28_1.pdf moved to F:\saqwq\PDF_Files
2023-08-31 18:32:32,592 - DEBUG - File zed_a_shou_-_legkiy_sposob_vyuchit_python_3e_izdanie_1_1.pdf moved to F:\saqwq\PDF_Files
2023-08-31 18:32:32,592 - DEBUG - File WVWZZZ1KZDW521375_1_1.pdf moved to F:\saqwq\PDF_Files
2023-08-31 18:32:32,592 - DEBUG - File VF1KZ1A0545592597 (1)_1_1.pdf moved to F:\saqwq\PDF_Files
2023-08-31 18:32:32,592 - DEBUG - File python-pathlib-cheat-sheet_1.pdf moved to F:\saqwq\PDF_Files
2023-08-31 18:32:32,592 - DEBUG - File БКТП_Р_Т2_1_1.pdf moved to F:\saqwq\PDF_Files
2023-08-31 18:32:32,592 - DEBUG - File Довідка про місце проживання форма 13_1.pdf moved to F:\saqwq\PDF_Files
2023-08-31 18:32:32,592 - DEBUG - File Грокаем алгоритмы ( PDFDrive )_1.pdf moved to F:\saqwq\PDF_Files
2023-08-31 18:32:32,592 - DEBUG - File Екперименти_1.pdf moved to F:\saqwq\PDF_Files
2023-08-31 18:32:32,592 - DEBUG - File Edit your own logo - LogoAi.com - Google Chrome 20_1_1.png moved to F:\saqwq\PNG_Files
2023-08-31 18:32:32,592 - DEBUG - File Могир І.В 1-7_1.pdf moved to F:\saqwq\PDF_Files
2023-08-31 18:32:32,592 - DEBUG - File Зроби це зараз_1.pdf moved to F:\saqwq\PDF_Files
2023-08-31 18:32:32,592 - DEBUG - File КТП_Р_Т3_1.pdf moved to F:\saqwq\PDF_Files
2023-08-31 18:32:32,592 - DEBUG - File Як писати мотиваційний лист 15.06_1.pdf moved to F:\saqwq\PDF_Files
2023-08-31 18:32:32,592 - DEBUG - File Edit your own logo - LogoAi.com - Google d20_1_1.png moved to F:\saqwq\PNG_Files
2023-08-31 18:32:32,606 - DEBUG - File English Career Bot – (13) 2023-04-29 22.11.57_1_1.png moved to F:\saqwq\PNG_Files
2023-08-31 18:32:32,607 - DEBUG - File equipe-300x300_1_1.png moved to F:\saqwq\PNG_Files
2023-08-31 18:32:32,608 - DEBUG - File English Career Bot – (177) 2023-05-01 12.23.46_1_1.png moved to F:\saqwq\PNG_Files
2023-08-31 18:32:32,608 - DEBUG - File GOAT_ FROG COOKING, Online Whiteboard for Visual C_1_1.png moved to F:\saqwq\PNG_Files
2023-08-31 18:32:32,608 - DEBUG - File GOAT_ FROG COOKING, Online Whiteboard for_1_1.png moved to F:\saqwq\PNG_Files
2023-08-31 18:32:32,608 - DEBUG - File image _1.png moved to F:\saqwq\PNG_Files
2023-08-31 18:32:32,608 - DEBUG - File image (1)_1.png moved to F:\saqwq\PNG_Files
2023-08-31 18:32:32,608 - DEBUG - File homework_02 - Python 15 - Slack 2023-05-05 15.22.2_1_1.png moved to F:\saqwq\PNG_Files
2023-08-31 18:32:32,608 - DEBUG - File images_1.png moved to F:\saqwq\PNG_Files
2023-08-31 18:32:32,608 - DEBUG - File images (1)_1.png moved to F:\saqwq\PNG_Files
2023-08-31 18:32:32,608 - DEBUG - File image_1.png moved to F:\saqwq\PNG_Files
2023-08-31 18:32:32,608 - DEBUG - File Next (1)_1.png moved to F:\saqwq\PNG_Files
2023-08-31 18:32:32,608 - DEBUG - File Next (2)_1.png moved to F:\saqwq\PNG_Files
2023-08-31 18:32:32,608 - DEBUG - File Nextr_1.png moved to F:\saqwq\PNG_Files
2023-08-31 18:32:32,608 - DEBUG - File Next_1.png moved to F:\saqwq\PNG_Files
2023-08-31 18:32:32,608 - DEBUG - File notes_1.png moved to F:\saqwq\PNG_Files
2023-08-31 18:32:32,608 - DEBUG - File Python_icon_(black_and_white).svg_1.png moved to F:\saqwq\PNG_Files
2023-08-31 18:32:32,608 - DEBUG - File ping_1.png moved to F:\saqwq\PNG_Files
2023-08-31 18:32:32,608 - DEBUG - File Snapshot 2023-04-26 21.33.31_1_1.png moved to F:\saqwq\PNG_Files
2023-08-31 18:32:32,608 - DEBUG - File notes.py - GoIT_Team_9 - Visual Studio Code 2023-0_1.png moved to F:\saqwq\PNG_Files
2023-08-31 18:32:32,623 - DEBUG - File sort.py - GoIT_Team_9 - Visual Studio Code 2023-08_1_1.png moved to F:\saqwq\PNG_Files
2023-08-31 18:32:32,624 - DEBUG - File Snapshot 2023-04-26 22.09.10_1_1.png moved to F:\saqwq\PNG_Files
2023-08-31 18:32:32,625 - DEBUG - File sort_1_1.png moved to F:\saqwq\PNG_Files
2023-08-31 18:32:32,625 - DEBUG - File template (1)_1_1.png moved to F:\saqwq\PNG_Files
2023-08-31 18:32:32,625 - DEBUG - File template_1_1.png moved to F:\saqwq\PNG_Files
2023-08-31 18:32:32,625 - DEBUG - File TL_1_1.png moved to F:\saqwq\PNG_Files
2023-08-31 18:32:32,625 - DEBUG - File Trollface_1_1.png moved to F:\saqwq\PNG_Files
2023-08-31 18:32:32,625 - DEBUG - File Автоперевірки - Google Chrome 2023-07-20 14.36.14_1_1.png moved to F:\saqwq\PNG_Files
2023-08-31 18:32:32,625 - DEBUG - File білий_1_1.png moved to F:\saqwq\PNG_Files
2023-08-31 18:32:32,625 - DEBUG - File Інфо.docx - Word 2023-08-03 20.45.06_1_1.png moved to F:\saqwq\PNG_Files
2023-08-31 18:32:32,625 - DEBUG - File Без імені_1_1.png moved to F:\saqwq\PNG_Files
2023-08-31 18:32:32,625 - DEBUG - File в_1_1.png moved to F:\saqwq\PNG_Files
2023-08-31 18:32:32,625 - DEBUG - File Джаба_1_1.png moved to F:\saqwq\PNG_Files
2023-08-31 18:32:32,625 - DEBUG - File Зіскановане_20230829 (3)_1.png moved to F:\saqwq\PNG_Files
2023-08-31 18:32:32,625 - DEBUG - File Зіскановане_20230829 (2)_1.png moved to F:\saqwq\PNG_Files
2023-08-31 18:32:32,625 - DEBUG - File Автоперевірки - Google Chrome 2023-07-20 14.39.37_1_1.png moved to F:\saqwq\PNG_Files
2023-08-31 18:32:32,625 - DEBUG - File Зіскановане_20230829 (4)_1.png moved to F:\saqwq\PNG_Files
2023-08-31 18:32:32,639 - DEBUG - File Зіскановане_20230829 (5)_1.png moved to F:\saqwq\PNG_Files
2023-08-31 18:32:32,639 - DEBUG - File Зіскановане_20230829 (6)_1.png moved to F:\saqwq\PNG_Files
2023-08-31 18:32:32,641 - DEBUG - File ПC 215_ YB_апр07.doc  -  режим совместимости - Wor_1.png moved to F:\saqwq\PNG_Files
2023-08-31 18:32:32,641 - DEBUG - File Зіскановане_20230829_1.png moved to F:\saqwq\PNG_Files
2023-08-31 18:32:32,641 - DEBUG - File Пайтон_1.png moved to F:\saqwq\PNG_Files
2023-08-31 18:32:32,641 - DEBUG - File завантаження_1.png moved to F:\saqwq\PNG_Files
2023-08-31 18:32:32,641 - DEBUG - File Пітон_1.png moved to F:\saqwq\PNG_Files
2023-08-31 18:32:32,641 - DEBUG - File Логотип 500x500  пікс_1.png moved to F:\saqwq\PNG_Files
2023-08-31 18:32:32,641 - DEBUG - File Розподіл розділів - Google Таблиці - Google Chrome_1.png moved to F:\saqwq\PNG_Files
2023-08-31 18:32:32,641 - DEBUG - File проєкт-команда9 - Python 15 - Slack 2023-08-08 22._1.png moved to F:\saqwq\PNG_Files
2023-08-31 18:32:32,641 - DEBUG - File Розподіл розділів - Google Таблиці _1.png moved to F:\saqwq\PNG_Files
2023-08-31 18:32:32,641 - DEBUG - File Світлий_1.png moved to F:\saqwq\PNG_Files
2023-08-31 18:32:32,641 - DEBUG - File СвітлийЖЯ_1.png moved to F:\saqwq\PNG_Files
2023-08-31 18:32:32,641 - DEBUG - File Світлий Яскрава_1.png moved to F:\saqwq\PNG_Files
2023-08-31 18:32:32,641 - DEBUG - File Помаранч _1.png moved to F:\saqwq\PNG_Files
2023-08-31 18:32:32,641 - DEBUG - File СЛАВУТИЧ буд_1.png moved to F:\saqwq\PNG_Files
2023-08-31 18:32:32,641 - DEBUG - File СЛАВУТИЧ буд (1)_1.png moved to F:\saqwq\PNG_Files
2023-08-31 18:32:32,641 - DEBUG - File СЛАВУТИЧ гай_1.png moved to F:\saqwq\PNG_Files
2023-08-31 18:32:32,641 - DEBUG - File СЛАВУТИЧ гай (1)_1.png moved to F:\saqwq\PNG_Files
2023-08-31 18:32:32,641 - DEBUG - File G36488414_1_1.py moved to F:\saqwq\PY_Files
2023-08-31 18:32:32,641 - DEBUG - File M181221_1.rar moved to F:\saqwq\RAR_Files
2023-08-31 18:32:32,658 - DEBUG - File СЛАВУТИЧлого_1.png moved to F:\saqwq\PNG_Files
2023-08-31 18:32:32,658 - DEBUG - File Rar$DRa9388.34379_1.rar moved to F:\saqwq\RAR_Files
2023-08-31 18:32:32,658 - DEBUG - File NEXT FRONTIER (1)_1.pptx moved to F:\saqwq\PPTX_Files
2023-08-31 18:32:32,658 - DEBUG - File ubuntustudio-22.04.3-dvd-amd64.iso_1_1.torrent moved to F:\saqwq\TORRENT_Files
2023-08-31 18:32:32,658 - DEBUG - File Новый текстовый документ_1.txt moved to F:\saqwq\TXT_Files
2023-08-31 18:32:32,658 - DEBUG - File personal-assistant-dev_1.zip moved to F:\saqwq\ZIP_Files
2023-08-31 18:32:32,658 - DEBUG - File Новый текстовый документ (2)_1.txt moved to F:\saqwq\TXT_Files
2023-08-31 18:32:32,658 - DEBUG - File personal-assistant-web-web-hw1_1.zip moved to F:\saqwq\ZIP_Files
2023-08-31 18:32:32,692 - INFO - Sorting is completed.
